[0m14:52:05.363056 [debug] [MainThread]: Sending event: {'category': 'dbt', 'action': 'invocation', 'label': 'start', 'context': [<snowplow_tracker.self_describing_json.SelfDescribingJson object at 0x108191340>, <snowplow_tracker.self_describing_json.SelfDescribingJson object at 0x107f17e90>, <snowplow_tracker.self_describing_json.SelfDescribingJson object at 0x1082ad6a0>]}


============================== 14:52:05.365934 | 3a3d7934-e41c-4b06-bef3-21ac044cbc48 ==============================
[0m14:52:05.365934 [info ] [MainThread]: Running with dbt=1.8.9
[0m14:52:05.366243 [debug] [MainThread]: running dbt with arguments {'printer_width': '80', 'indirect_selection': 'eager', 'write_json': 'True', 'log_cache_events': 'False', 'partial_parse': 'True', 'cache_selected_only': 'False', 'profiles_dir': '/Users/richardkirk/.dbt', 'debug': 'False', 'warn_error': 'None', 'log_path': 'logs', 'version_check': 'True', 'fail_fast': 'False', 'use_colors': 'True', 'use_experimental_parser': 'False', 'no_print': 'None', 'quiet': 'False', 'empty': 'None', 'log_format': 'default', 'introspect': 'True', 'warn_error_options': 'WarnErrorOptions(include=[], exclude=[])', 'static_parser': 'True', 'target_path': 'None', 'invocation_command': 'dbt init', 'send_anonymous_usage_stats': 'True'}
[0m14:52:14.914801 [debug] [MainThread]: Starter project path: /Users/richardkirk/.local/share/virtualenvs/dagster_dbt_sql_server-6uuP5OIX/lib/python3.12/site-packages/dbt/include/starter_project
[0m14:52:14.926917 [info ] [MainThread]: 
Your new dbt project "dagster_dbt_sqlserver" was created!

For more information on how to configure the profiles.yml file,
please consult the dbt documentation here:

  https://docs.getdbt.com/docs/configure-your-profile

One more thing:

Need help? Don't hesitate to reach out to us via GitHub issues or on Slack:

  https://community.getdbt.com/

Happy modeling!

[0m14:52:14.927546 [info ] [MainThread]: Setting up your profile.
[0m14:52:47.821994 [info ] [MainThread]: Profile dagster_dbt_sqlserver written to /Users/richardkirk/.dbt/profiles.yml using target's profile_template.yml and your supplied values. Run 'dbt debug' to validate the connection.
[0m14:52:47.826333 [debug] [MainThread]: Resource report: {"command_name": "init", "command_success": true, "command_wall_clock_time": 42.49002, "process_in_blocks": "0", "process_kernel_time": 0.11019, "process_mem_max_rss": "109805568", "process_out_blocks": "0", "process_user_time": 0.64959}
[0m14:52:47.826968 [debug] [MainThread]: Command `dbt init` succeeded at 14:52:47.826850 after 42.49 seconds
[0m14:52:47.827433 [debug] [MainThread]: Sending event: {'category': 'dbt', 'action': 'invocation', 'label': 'end', 'context': [<snowplow_tracker.self_describing_json.SelfDescribingJson object at 0x108269520>, <snowplow_tracker.self_describing_json.SelfDescribingJson object at 0x1086fb980>, <snowplow_tracker.self_describing_json.SelfDescribingJson object at 0x1088a66f0>]}
[0m14:52:47.827862 [debug] [MainThread]: Flushing usage events
[0m14:53:08.531977 [debug] [MainThread]: Sending event: {'category': 'dbt', 'action': 'invocation', 'label': 'start', 'context': [<snowplow_tracker.self_describing_json.SelfDescribingJson object at 0x1045cf440>, <snowplow_tracker.self_describing_json.SelfDescribingJson object at 0x1060b9af0>, <snowplow_tracker.self_describing_json.SelfDescribingJson object at 0x1060b9820>]}


============================== 14:53:08.534794 | 9a75e25a-3459-4676-8176-6d8b19543fc6 ==============================
[0m14:53:08.534794 [info ] [MainThread]: Running with dbt=1.8.9
[0m14:53:08.535116 [debug] [MainThread]: running dbt with arguments {'printer_width': '80', 'indirect_selection': 'eager', 'log_cache_events': 'False', 'write_json': 'True', 'partial_parse': 'True', 'cache_selected_only': 'False', 'profiles_dir': '/Users/richardkirk/.dbt', 'version_check': 'True', 'fail_fast': 'False', 'log_path': 'logs', 'warn_error': 'None', 'debug': 'False', 'use_colors': 'True', 'use_experimental_parser': 'False', 'empty': 'None', 'quiet': 'False', 'no_print': 'None', 'log_format': 'default', 'invocation_command': 'dbt debug', 'introspect': 'True', 'warn_error_options': 'WarnErrorOptions(include=[], exclude=[])', 'target_path': 'None', 'static_parser': 'True', 'send_anonymous_usage_stats': 'True'}
[0m14:53:08.542689 [info ] [MainThread]: dbt version: 1.8.9
[0m14:53:08.560541 [info ] [MainThread]: python version: 3.12.2
[0m14:53:08.560721 [info ] [MainThread]: python path: /Users/richardkirk/.local/share/virtualenvs/dagster_dbt_sql_server-6uuP5OIX/bin/python
[0m14:53:08.560864 [info ] [MainThread]: os info: macOS-15.2-arm64-arm-64bit
[0m14:53:08.563710 [info ] [MainThread]: Error importing adapter: No module named 'dbt.adapters.snowflake'
[0m14:53:08.649334 [info ] [MainThread]: Error importing adapter: No module named 'dbt.adapters.snowflake'
[0m14:53:08.650789 [info ] [MainThread]: Error importing adapter: No module named 'dbt.adapters.snowflake'
[0m14:53:08.651730 [info ] [MainThread]: Error importing adapter: No module named 'dbt.adapters.snowflake'
[0m14:53:08.652896 [info ] [MainThread]: Error importing adapter: No module named 'dbt.adapters.snowflake'
[0m14:53:08.653108 [info ] [MainThread]: Using profiles dir at /Users/richardkirk/.dbt
[0m14:53:08.653249 [info ] [MainThread]: Using profiles.yml file at /Users/richardkirk/.dbt/profiles.yml
[0m14:53:08.653385 [info ] [MainThread]: Using dbt_project.yml file at /Users/richardkirk/SourceCode/dagster_dbt_sql_server/dbt_project.yml
[0m14:53:08.653525 [info ] [MainThread]: Configuration:
[0m14:53:08.653647 [info ] [MainThread]:   profiles.yml file [[31mERROR invalid[0m]
[0m14:53:08.653768 [info ] [MainThread]:   dbt_project.yml file [[31mERROR not found[0m]
[0m14:53:08.653889 [info ] [MainThread]: Required dependencies:
[0m14:53:08.654067 [debug] [MainThread]: Executing "git --help"
[0m14:53:08.665718 [debug] [MainThread]: STDOUT: "b"usage: git [-v | --version] [-h | --help] [-C <path>] [-c <name>=<value>]\n           [--exec-path[=<path>]] [--html-path] [--man-path] [--info-path]\n           [-p | --paginate | -P | --no-pager] [--no-replace-objects] [--bare]\n           [--git-dir=<path>] [--work-tree=<path>] [--namespace=<name>]\n           [--super-prefix=<path>] [--config-env=<name>=<envvar>]\n           <command> [<args>]\n\nThese are common Git commands used in various situations:\n\nstart a working area (see also: git help tutorial)\n   clone     Clone a repository into a new directory\n   init      Create an empty Git repository or reinitialize an existing one\n\nwork on the current change (see also: git help everyday)\n   add       Add file contents to the index\n   mv        Move or rename a file, a directory, or a symlink\n   restore   Restore working tree files\n   rm        Remove files from the working tree and from the index\n\nexamine the history and state (see also: git help revisions)\n   bisect    Use binary search to find the commit that introduced a bug\n   diff      Show changes between commits, commit and working tree, etc\n   grep      Print lines matching a pattern\n   log       Show commit logs\n   show      Show various types of objects\n   status    Show the working tree status\n\ngrow, mark and tweak your common history\n   branch    List, create, or delete branches\n   commit    Record changes to the repository\n   merge     Join two or more development histories together\n   rebase    Reapply commits on top of another base tip\n   reset     Reset current HEAD to the specified state\n   switch    Switch branches\n   tag       Create, list, delete or verify a tag object signed with GPG\n\ncollaborate (see also: git help workflows)\n   fetch     Download objects and refs from another repository\n   pull      Fetch from and integrate with another repository or a local branch\n   push      Update remote refs along with associated objects\n\n'git help -a' and 'git help -g' list available subcommands and some\nconcept guides. See 'git help <command>' or 'git help <concept>'\nto read about a specific subcommand or concept.\nSee 'git help git' for an overview of the system.\n""
[0m14:53:08.666218 [debug] [MainThread]: STDERR: "b''"
[0m14:53:08.666407 [info ] [MainThread]:  - git [[32mOK found[0m]

[0m14:53:08.666639 [info ] [MainThread]: Connection test skipped since no profile was found
[0m14:53:08.666908 [info ] [MainThread]: [31m2 checks failed:[0m
[0m14:53:08.667077 [info ] [MainThread]: Could not load dbt_project.yml
Profile loading failed for the following reason:
Runtime Error
  Credentials in profile "bi_dm_bridge", target "dev" invalid: Runtime Error
    Could not find adapter type snowflake!

Runtime Error
  Credentials in profile "dagster_dbt_sqlserver", target "dev" invalid: 'schema' is a required property

Runtime Error
  Credentials in profile "dbt_mac", target "dev" invalid: Runtime Error
    Could not find adapter type snowflake!

Runtime Error
  Credentials in profile "dbt_vault", target "dev" invalid: Runtime Error
    Could not find adapter type snowflake!

Runtime Error
  Credentials in profile "dm_bic_alpiq_ds", target "dev" invalid: Runtime Error
    Could not find adapter type snowflake!

Runtime Error
  Credentials in profile "rk-sandpit-dbt", target "dev" invalid: Runtime Error
    Could not find adapter type snowflake!


[0m14:53:08.667244 [info ] [MainThread]: Project loading failed for the following reason:
 project path </Users/richardkirk/SourceCode/dagster_dbt_sql_server/dbt_project.yml> not found

[0m14:53:08.668099 [debug] [MainThread]: Resource report: {"command_name": "debug", "command_success": false, "command_wall_clock_time": 0.16188659, "process_in_blocks": "0", "process_kernel_time": 0.091102, "process_mem_max_rss": "110297088", "process_out_blocks": "0", "process_user_time": 0.60591}
[0m14:53:08.668312 [debug] [MainThread]: Command `dbt debug` failed at 14:53:08.668267 after 0.16 seconds
[0m14:53:08.668544 [debug] [MainThread]: Sending event: {'category': 'dbt', 'action': 'invocation', 'label': 'end', 'context': [<snowplow_tracker.self_describing_json.SelfDescribingJson object at 0x104b16e70>, <snowplow_tracker.self_describing_json.SelfDescribingJson object at 0x106759670>, <snowplow_tracker.self_describing_json.SelfDescribingJson object at 0x1065063f0>]}
[0m14:53:08.668737 [debug] [MainThread]: Flushing usage events
